<?xml version="1.0" encoding="utf-8"?><testsuites name="pytest tests"><testsuite name="pytest" errors="0" failures="0" skipped="0" tests="85" time="3.681" timestamp="2026-07-15T10:58:26.398179+08:00" hostname="Frysland"><testcase classname="tests.test_batched_evaluation.BatchedEvaluationTests" name="test_batching_preserves_predictions_and_reduces_forward_calls" time="0.060" /><testcase classname="tests.test_checkpoint_provenance.CheckpointProvenanceTests" name="test_checkpoint_rejects_optimizer_count_mismatch" time="1.324" /><testcase classname="tests.test_checkpoint_provenance.CheckpointProvenanceTests" name="test_checkpoint_round_trip_binds_all_run_inputs" time="0.013" /><testcase classname="tests.test_dynamic_pair_dataset.DynamicPairDatasetTests" name="test_structure_sample_can_be_built_through_peak_calculator_contract" time="0.001" /><testcase classname="tests.test_dynamic_pair_dataset.DynamicPairDatasetTests" name="test_train_context_changes_pair_but_validation_context_is_frozen" time="0.004" /><testcase classname="tests.test_dynamic_pair_dataset.DynamicPairDatasetTests" name="test_two_mp_samples_produce_replayable_paired_views" time="0.002" /><testcase classname="tests.test_formal_14060.Formal14060Tests" name="test_extra_splits_are_deterministic_class_aware_and_balanced" time="0.002" /><testcase classname="tests.test_formal_14060.Formal14060Tests" name="test_merge_preserves_formal_rows_and_adds_only_new_fingerprints" time="0.001" /><testcase classname="tests.test_formal_14060.Formal14060Tests" name="test_merge_rejects_extra_fingerprint_already_in_formal" time="0.001" /><testcase classname="tests.test_frozen_manifest.FrozenManifestTests" name="test_evaluation_manifest_is_hashable_and_indexed" time="0.001" /><testcase classname="tests.test_frozen_manifest.FrozenManifestTests" name="test_training_rows_cannot_be_mislabeled_as_frozen_evaluation" time="0.001" /><testcase classname="tests.test_online_views.OnlineViewTests" name="test_dynamic_consistency_only_adds_consistency_loss" time="0.001" /><testcase classname="tests.test_online_views.OnlineViewTests" name="test_fixed_view_is_constant" time="0.001" /><testcase classname="tests.test_online_views.OnlineViewTests" name="test_train_pair_changes_with_epoch_and_step" time="0.001" /><testcase classname="tests.test_online_views.OnlineViewTests" name="test_validation_pair_is_frozen" time="0.001" /><testcase classname="tests.test_patch_transformer.PatchTransformerTests" name="test_cls_pooling" time="0.006" /><testcase classname="tests.test_patch_transformer.PatchTransformerTests" name="test_forward_and_backward" time="0.034" /><testcase classname="tests.test_patch_transformer.PatchTransformerTests" name="test_pampt_b3_contract_and_token_alignment" time="0.022" /><testcase classname="tests.test_patch_transformer.PatchTransformerTests" name="test_pampt_variants_forward" time="0.021" /><testcase classname="tests.test_patch_transformer.PatchTransformerTests" name="test_patch_shape_for_3501_points" time="0.004" /><testcase classname="tests.test_peak_cache.PeakCacheTests" name="test_cache_stores_peak_tables_and_is_bounded" time="0.002" /><testcase classname="tests.test_peak_cache.PeakCacheTests" name="test_incomplete_v7_npz_is_rejected" time="0.015" /><testcase classname="tests.test_peak_cache.PeakCacheTests" name="test_manifest_gate_binds_fingerprint_size_and_sha256" time="0.021" /><testcase classname="tests.test_peak_cache.PeakCacheTests" name="test_v7_npz_round_trip_requires_complete_reflection_metadata" time="0.013" /><testcase classname="tests.test_physics.PhysicsTests" name="test_frozen_manifest_is_reproducible_and_traceable" time="0.002" /><testcase classname="tests.test_physics.PhysicsTests" name="test_polynomial_background_profile_is_supported" time="0.001" /><testcase classname="tests.test_physics.PhysicsTests" name="test_seed_uses_epoch_step_material_and_view" time="0.001" /><testcase classname="tests.test_physics.PhysicsTests" name="test_unconfigured_scientific_profile_fails_closed" time="0.001" /><testcase classname="tests.test_preferred_orientation.PreferredOrientationTests" name="test_collinear_hkl_families_change_coherently" time="0.001" /><testcase classname="tests.test_preferred_orientation.PreferredOrientationTests" name="test_missing_hkl_metadata_fails_instead_of_pointwise_scaling" time="0.001" /><testcase classname="tests.test_preferred_orientation.PreferredOrientationTests" name="test_only_relative_intensity_changes_not_peak_position_or_width" time="0.002" /><testcase classname="tests.test_preferred_orientation.PreferredOrientationTests" name="test_r_one_is_exact_reflection_intensity_identity" time="0.001" /><testcase classname="tests.test_preferred_orientation.PreferredOrientationTests" name="test_replay_resolves_same_axis_and_parameter" time="0.002" /><testcase classname="tests.test_probability_activation.ProbabilityActivationTests" name="test_probability_one_always_enables_all_operators" time="0.001" /><testcase classname="tests.test_probability_activation.ProbabilityActivationTests" name="test_probability_sampling_is_reproducible" time="0.001" /><testcase classname="tests.test_probability_activation.ProbabilityActivationTests" name="test_probability_zero_disables_all_operators_and_restores_baseline_width" time="0.001" /><testcase classname="tests.test_simulation_interfaces.SimulationInterfaceTests" name="test_first_release_operator_provenance_binds_config_hash" time="0.001" /><testcase classname="tests.test_simulation_interfaces.SimulationInterfaceTests" name="test_peak_table_rejects_unsorted_or_nonpositive_reflections" time="0.001" /><testcase classname="tests.test_simulation_interfaces.SimulationInterfaceTests" name="test_physics_alias_preserves_public_type" time="0.001" /><testcase classname="tests.test_simulation_interfaces.SimulationInterfaceTests" name="test_renderer_contract_replays_first_release_perturbations" time="0.002" /><testcase classname="tests.test_simulation_quality.SimulationQualityTests" name="test_noise_clipping_is_reported_and_bounded" time="0.020" /><testcase classname="tests.test_simulation_quality.SimulationQualityTests" name="test_quality_gate_flags_window_truncation" time="0.002" /><testcase classname="tests.test_simulation_quality.SimulationQualityTests" name="test_raw_area_is_stable_when_only_fwhm_changes" time="0.002" /><testcase classname="tests.test_simulation_quality.SimulationQualityTests" name="test_training_quality_gate_rejects_invalid_manifest_view" time="0.002" /><testcase classname="tests.test_simulator.SimulatorTests" name="test_grid_and_fixed_simulation_are_reproducible" time="0.002" /><testcase classname="tests.test_simulator.SimulatorTests" name="test_zero_offset_moves_every_peak_by_the_same_amount" time="0.002" /><testcase classname="tests.test_splitting.StructureSplitTests" name="test_conflicting_labels_are_rejected" time="0.001" /><testcase classname="tests.test_splitting.StructureSplitTests" name="test_each_class_uses_70_10_20_allocation" time="0.002" /><testcase classname="tests.test_splitting.StructureSplitTests" name="test_split_is_deterministic_and_disjoint" time="0.002" /><testcase classname="tests.test_splitting.StructureSplitTests" name="test_views_are_collapsed_to_one_manifest_row" time="0.002" /><testcase classname="tests.test_structure_data.StructureDataTests" name="test_crystal_system_boundaries" time="0.001" /><testcase classname="tests.test_structure_data.StructureDataTests" name="test_duplicate_fingerprint_is_rejected_before_split" time="0.001" /><testcase classname="tests.test_structure_data.StructureDataTests" name="test_formal_schema_contains_no_spectrum" time="0.001" /><testcase classname="tests.test_structure_data.StructureDataTests" name="test_material_id_crossing_splits_is_rejected" time="0.001" /><testcase classname="tests.test_structure_data.StructureDataTests" name="test_nested_dataset_tier_selection" time="0.001" /><testcase classname="tests.test_structure_data.StructureDataTests" name="test_spectrum_field_is_rejected" time="0.001" /><testcase classname="tests.test_structure_data.StructureDataTests" name="test_structure_fingerprint_crossing_splits_is_rejected" time="0.001" /><testcase classname="tests.test_structure_data.StructureDataTests" name="test_structure_splits_are_deterministic_and_disjoint" time="0.001" /><testcase classname="tests.test_texture_iid_ood_manifest.TextureManifestTests" name="test_ood_texture_changes_only_texture_range_contract" time="0.001" /><testcase classname="tests.test_texture_iid_ood_manifest.TextureManifestTests" name="test_v7_samples_are_auditable_and_level0_texture_is_disabled" time="0.002" /><testcase classname="tests.test_training_objectives.TrainingObjectiveTests" name="test_dynamic_js_zero_weight_matches_dynamic_erm" time="0.011" /><testcase classname="tests.test_training_objectives.TrainingObjectiveTests" name="test_dynamic_modes_share_classification_term_for_same_pair" time="0.005" /><testcase classname="tests.test_training_objectives.TrainingObjectiveTests" name="test_fixed_erm_uses_one_view" time="0.004" /><testcase classname="tests.test_v7_aggregation.V7AggregationTests" name="test_data_auc_is_normalized_over_log_structure_budget" time="0.001" /><testcase classname="tests.test_v7_aggregation.V7AggregationTests" name="test_metric_from_history_uses_latest_available_ood_value" time="0.001" /><testcase classname="tests.test_v7_aggregation.V7AggregationTests" name="test_summary_reports_seed_mean_and_sample_standard_deviation" time="0.001" /><testcase classname="tests.test_v7_pampt.V7PAMPTTests" name="test_derivatives_are_deterministic_and_finite" time="0.001" /><testcase classname="tests.test_v7_pampt.V7PAMPTTests" name="test_formal_config_requires_parameter_sources_and_rejects_device_binding" time="0.002" /><testcase classname="tests.test_v7_pampt.V7PAMPTTests" name="test_local_encoders_do_not_use_pooling" time="0.006" /><testcase classname="tests.test_v7_pampt.V7PAMPTTests" name="test_manifest_round_trip_and_real_xrd_grid" time="0.009" /><testcase classname="tests.test_v7_pampt.V7PAMPTTests" name="test_metrics_interfaces" time="0.001" /><testcase classname="tests.test_v7_pampt.V7PAMPTTests" name="test_model_fingerprint_is_enforced" time="0.003" /><testcase classname="tests.test_v7_pampt.V7PAMPTTests" name="test_residual_confusion_is_zero_for_uniform" time="0.001" /><testcase classname="tests.test_v7_pampt.V7PAMPTTests" name="test_residual_is_symmetric" time="0.001" /><testcase classname="tests.test_v7_pampt.V7PAMPTTests" name="test_residual_step_freezes_head_and_updates_main" time="0.015" /><testcase classname="tests.test_v7_parameter_table.V7ParameterTableTests" name="test_report_table_matches_v7_candidate_config" time="0.004" /><testcase classname="tests.test_v7_runner_protocol.V7RunnerProtocolTests" name="test_completed_run_manifest_is_preserved_and_skipped" time="0.012" /><testcase classname="tests.test_v7_runner_protocol.V7RunnerProtocolTests" name="test_matrix_rejects_duplicate_protocol_axes" time="0.001" /><testcase classname="tests.test_v7_runner_protocol.V7RunnerProtocolTests" name="test_resolved_commands_use_v7_cache_and_batched_evaluation" time="0.003" /><testcase classname="tests.test_v7_sample_efficiency.V7SampleEfficiencyTests" name="test_fraction_labels_are_stable" time="0.001" /><testcase classname="tests.test_v7_sample_efficiency.V7SampleEfficiencyTests" name="test_nested_selection_is_balanced_and_deterministic" time="0.031" /><testcase classname="tests.test_v7_sample_efficiency.V7SampleEfficiencyTests" name="test_subset_rejects_non_train_structure" time="0.009" /><testcase classname="tests.test_v7_sample_efficiency.V7SampleEfficiencyTests" name="test_written_bundle_is_byte_deterministic" time="0.049" /><testcase classname="tests.test_v7_training_preflight.V7TrainingPreflightTests" name="test_formal_14060_rejects_wrong_root_size" time="0.005" /><testcase classname="tests.test_v7_training_preflight.V7TrainingPreflightTests" name="test_formal_14060_without_subset_loads_the_full_tier" time="0.097" /></testsuite></testsuites>